d:\jobs\project\timely encryption scheme\timely encryption scheme\timely encryption scheme\x64\debug\vc143.pdb
d:\jobs\project\timely encryption scheme\timely encryption scheme\timely encryption scheme\x64\debug\vc143.idb
d:\jobs\project\timely encryption scheme\timely encryption scheme\timely encryption scheme\x64\debug\test.obj
d:\jobs\project\timely encryption scheme\timely encryption scheme\timely encryption scheme\x64\debug\rsa.obj
d:\jobs\project\timely encryption scheme\timely encryption scheme\timely encryption scheme\x64\debug\random.obj
d:\jobs\project\timely encryption scheme\timely encryption scheme\timely encryption scheme\x64\debug\hash-256.obj
d:\jobs\project\timely encryption scheme\timely encryption scheme\timely encryption scheme\x64\debug\get_key.obj
d:\jobs\project\timely encryption scheme\timely encryption scheme\timely encryption scheme\x64\debug\aes_encrypt.obj
d:\jobs\project\timely encryption scheme\timely encryption scheme\timely encryption scheme\x64\debug\aes_decrypt.obj
d:\jobs\project\timely encryption scheme\timely encryption scheme\timely encryption scheme\x64\debug\main.obj
d:\jobs\project\timely encryption scheme\timely encryption scheme\timely encryption scheme\x64\debug\deletefile.obj
d:\jobs\project\timely encryption scheme\timely encryption scheme\timely encryption scheme\x64\debug\timely encryption scheme.ilk
d:\jobs\project\timely encryption scheme\timely encryption scheme\x64\debug\timely encryption scheme.exe
d:\jobs\project\timely encryption scheme\timely encryption scheme\x64\debug\timely encryption scheme.pdb
d:\jobs\project\timely encryption scheme\timely encryption scheme\timely encryption scheme\x64\debug\timely e.d88f46f9.tlog\cl.command.1.tlog
d:\jobs\project\timely encryption scheme\timely encryption scheme\timely encryption scheme\x64\debug\timely e.d88f46f9.tlog\cl.items.tlog
d:\jobs\project\timely encryption scheme\timely encryption scheme\timely encryption scheme\x64\debug\timely e.d88f46f9.tlog\cl.read.1.tlog
d:\jobs\project\timely encryption scheme\timely encryption scheme\timely encryption scheme\x64\debug\timely e.d88f46f9.tlog\cl.write.1.tlog
d:\jobs\project\timely encryption scheme\timely encryption scheme\timely encryption scheme\x64\debug\timely e.d88f46f9.tlog\link.command.1.tlog
d:\jobs\project\timely encryption scheme\timely encryption scheme\timely encryption scheme\x64\debug\timely e.d88f46f9.tlog\link.read.1.tlog
d:\jobs\project\timely encryption scheme\timely encryption scheme\timely encryption scheme\x64\debug\timely e.d88f46f9.tlog\link.write.1.tlog
